<?xml version="1.0" encoding="UTF-8" ?>
<testsuite errors="0" failures="0" hostname="dutradev" name="com.apprenda.integrations.urbancode.test.DeployAppTests" skipped="0" tests="9" time="1163.097" timestamp="2015-11-05T20:38:52">
  <properties>
[...]
</properties>
  <testcase classname="com.apprenda.integrations.urbancode.test.DeployAppTests" name="Test1vDefinition" time="10.112" />
  <testcase classname="com.apprenda.integrations.urbancode.test.DeployAppTests" name="Test1vSandbox" time="59.241" />
  <testcase classname="com.apprenda.integrations.urbancode.test.DeployAppTests" name="Test1vPublished" time="100.716" />
  <testcase classname="com.apprenda.integrations.urbancode.test.DeployAppTests" name="Test2vOnePublishedOneDefinition" time="157.567" />
  <testcase classname="com.apprenda.integrations.urbancode.test.DeployAppTests" name="Test2vOnePublishedOneSandbox" time="190.194" />
  <testcase classname="com.apprenda.integrations.urbancode.test.DeployAppTests" name="Test3vOnePublished2Definition" time="136.091" />
  <testcase classname="com.apprenda.integrations.urbancode.test.DeployAppTests" name="Test3vOneOfEach" time="173.172" />
  <testcase classname="com.apprenda.integrations.urbancode.test.DeployAppTests" name="Test3vOnePublished2Sandbox" time="266.514" />
  <testcase classname="com.apprenda.integrations.urbancode.test.DeployAppTests" name="TestFailureCase1" time="0.011" />
  <system-out><![CDATA[201
null
200
[messages:[], success:true, title:Upload Results]
[alias:uc1, allocatedStorageMb:0, applicationServices:None, cloud:null, currentVersion:[alias:v1, application:[href:https://apps.apprenda.heineken/developer/api/v1/apps/uc1], description:null, enableSessionReplication:null, enableSslEnforcement:null, enableStickySessions:null, href:https://apps.apprenda.heineken/developer/api/v1/versions/uc1/v1, loadBalancerUrlConfiguration:null, name:Version 1, stage:Definition, state:Stopped], customAuthenticationStyleUrl:null, customInvoiceStyleUrl:null, customUrl:null, databaseModelType:Isolated, databaseProvider:SqlServer, dbAllocatedCpuMhz:0, dbAllocatedMemoryMb:0, description:Created by Apprenda|UrbanCode Deploy, href:https://apps.apprenda.heineken/developer/api/v1/apps/uc1, linuxServiceAllocatedCpuMhz:0, linuxServiceAllocatedMemoryMb:0, name:uc1, paymentOptions:Automatic, pipelineMode:Integrated, svcAllocatedCpuMhz:0, svcAllocatedMemoryMb:0, uiAllocatedCpuMhz:0, uiAllocatedMemoryMb:0, userInterfaceType:CommingledRootApp, versions:[href:https://apps.apprenda.heineken/developer/api/v1/versions/uc1], warAllocatedCpuMhz:0, warAllocatedMemoryMb:0]
201
null
200
[messages:[], success:true, title:Upload Results]
200
[sections:[[messages:[], success:true, title:Results], [messages:[[message:Verified valid application status, severity:Information], [message:Verified at least one plan has been defined, severity:Information], [message:Verified the alias for the application, severity:Information], [message:Successfully completed publishing validation, severity:Information]], success:true, title:Validation Results], [messages:[], success:true, title:Metadata Extraction Results], [messages:[[message:Skipped creation of data model since no SQL scripts were found, severity:Information]], success:true, title:Data Model Deployment Results], [messages:[[message:Extracted private UI model., severity:Information], [message:Successfully extracted application metadata, severity:Information]], success:true, title:Metadata Extraction Results], [messages:[[message:Files for uc2--v1 exist and are properly configured., severity:Information], [message:Sites for uc2--v1 exist and are properly configured., severity:Information], [message:Successfully deployed 1 partition., severity:Information]], success:true, title:Ensuring instance counts], [messages:[[message:Created subscriptions for all plans, severity:Information]], success:true, title:Subscriptions], [messages:[[message:Application Tenant Onboarded, severity:Information]], success:true, title:Configuring Application Tenant]], success:true]
[alias:uc2, allocatedStorageMb:0, applicationServices:None, cloud:null, currentVersion:[alias:v1, application:[href:https://apps.apprenda.heineken/developer/api/v1/apps/uc2], description:null, enableSessionReplication:null, enableSslEnforcement:null, enableStickySessions:null, href:https://apps.apprenda.heineken/developer/api/v1/versions/uc2/v1, loadBalancerUrlConfiguration:null, name:Version 1, stage:Sandbox, state:Running], customAuthenticationStyleUrl:null, customInvoiceStyleUrl:null, customUrl:null, databaseModelType:Isolated, databaseProvider:SqlServer, dbAllocatedCpuMhz:0, dbAllocatedMemoryMb:0, description:Created by Apprenda|UrbanCode Deploy, href:https://apps.apprenda.heineken/developer/api/v1/apps/uc2, linuxServiceAllocatedCpuMhz:0, linuxServiceAllocatedMemoryMb:0, name:uc2, paymentOptions:Automatic, pipelineMode:Integrated, svcAllocatedCpuMhz:0, svcAllocatedMemoryMb:0, uiAllocatedCpuMhz:250, uiAllocatedMemoryMb:300, userInterfaceType:CommingledRootApp, versions:[href:https://apps.apprenda.heineken/developer/api/v1/versions/uc2], warAllocatedCpuMhz:0, warAllocatedMemoryMb:0]
201
null
200
[messages:[], success:true, title:Upload Results]
200
[sections:[[messages:[], success:true, title:Results], [messages:[[message:Verified valid application status, severity:Information], [message:Verified at least one plan has been defined, severity:Information], [message:Verified the alias for the application, severity:Information], [message:Successfully completed publishing validation, severity:Information]], success:true, title:Validation Results], [messages:[], success:true, title:Metadata Extraction Results], [messages:[[message:Skipped creation of data model since no SQL scripts were found, severity:Information]], success:true, title:Data Model Deployment Results], [messages:[[message:Extracted private UI model., severity:Information], [message:Successfully extracted application metadata, severity:Information]], success:true, title:Metadata Extraction Results], [messages:[[message:Files for uc3--v1 exist and are properly configured., severity:Information], [message:Sites for uc3--v1 exist and are properly configured., severity:Information], [message:Successfully deployed 1 partition., severity:Information]], success:true, title:Ensuring instance counts], [messages:[[message:Created subscriptions for all plans, severity:Information]], success:true, title:Subscriptions], [messages:[[message:Application Tenant Onboarded, severity:Information]], success:true, title:Configuring Application Tenant]], success:true]
200
[sections:[[messages:[], success:true, title:Results], [messages:[[message:Verified valid application status, severity:Information], [message:Verified at least one plan has been defined, severity:Information], [message:Verified the alias for the application, severity:Information], [message:Successfully completed publishing validation, severity:Information]], success:true, title:Validation Results], [messages:[[message:All sites and AppPools for uc3--v1 have been removed., severity:Information], [message:Meta data describing your version has been purged successfully., severity:Information], [message:The data model was purged successfully., severity:Information], [message:Auxilliary support components were successfully removed., severity:Information]], success:true, title:Results of Cleaning Up Published Instance], [messages:[], success:true, title:Metadata Extraction Results], [messages:[[message:Skipped creation of data model since no SQL scripts were found, severity:Information]], success:true, title:Data Model Deployment Results], [messages:[[message:Extracted private UI model., severity:Information], [message:Successfully extracted application metadata, severity:Information]], success:true, title:Metadata Extraction Results], [messages:[[message:Files for uc3 exist and are properly configured., severity:Information], [message:Sites for uc3 exist and are properly configured., severity:Information], [message:Successfully deployed 1 partition., severity:Information]], success:true, title:Ensuring instance counts], [messages:[[message:Successfully created application tenant, severity:Information], [message:Application Tenant Onboarded, severity:Information]], success:true, title:Configuring Application Tenant]], success:true]
[alias:uc3, allocatedStorageMb:0, applicationServices:None, cloud:null, currentVersion:[alias:v1, application:[href:https://apps.apprenda.heineken/developer/api/v1/apps/uc3], description:null, enableSessionReplication:null, enableSslEnforcement:null, enableStickySessions:null, href:https://apps.apprenda.heineken/developer/api/v1/versions/uc3/v1, loadBalancerUrlConfiguration:null, name:Version 1, stage:Published, state:Running], customAuthenticationStyleUrl:null, customInvoiceStyleUrl:null, customUrl:null, databaseModelType:Isolated, databaseProvider:SqlServer, dbAllocatedCpuMhz:0, dbAllocatedMemoryMb:0, description:Created by Apprenda|UrbanCode Deploy, href:https://apps.apprenda.heineken/developer/api/v1/apps/uc3, linuxServiceAllocatedCpuMhz:0, linuxServiceAllocatedMemoryMb:0, name:uc3, paymentOptions:Automatic, pipelineMode:Integrated, svcAllocatedCpuMhz:0, svcAllocatedMemoryMb:0, uiAllocatedCpuMhz:250, uiAllocatedMemoryMb:300, userInterfaceType:CommingledRootApp, versions:[href:https://apps.apprenda.heineken/developer/api/v1/versions/uc3], warAllocatedCpuMhz:0, warAllocatedMemoryMb:0]
DEBUG: oldVerNo: 1 newVerNo: 1
[[alias:v1, application:[href:https://apps.apprenda.heineken/developer/api/v1/apps/uc3], description:null, enableSessionReplication:false, enableSslEnforcement:false, enableStickySessions:true, href:https://apps.apprenda.heineken/developer/api/v1/versions/uc3/v1, loadBalancerUrlConfiguration:Preserve, name:Version 1, stage:Published, state:Running]]
201
null
200
[messages:[], success:true, title:Upload Results]
200
[sections:[[messages:[], success:true, title:Results], [messages:[[message:Verified valid application status, severity:Information], [message:Verified at least one plan has been defined, severity:Information], [message:Verified the alias for the application, severity:Information], [message:Successfully completed publishing validation, severity:Information]], success:true, title:Validation Results], [messages:[], success:true, title:Metadata Extraction Results], [messages:[[message:Skipped creation of data model since no SQL scripts were found, severity:Information]], success:true, title:Data Model Deployment Results], [messages:[[message:Extracted private UI model., severity:Information], [message:Successfully extracted application metadata, severity:Information]], success:true, title:Metadata Extraction Results], [messages:[[message:Files for uc4--v1 exist and are properly configured., severity:Information], [message:Sites for uc4--v1 exist and are properly configured., severity:Information], [message:Successfully deployed 1 partition., severity:Information]], success:true, title:Ensuring instance counts], [messages:[[message:Created subscriptions for all plans, severity:Information]], success:true, title:Subscriptions], [messages:[[message:Application Tenant Onboarded, severity:Information]], success:true, title:Configuring Application Tenant]], success:true]
200
[sections:[[messages:[], success:true, title:Results], [messages:[[message:Verified valid application status, severity:Information], [message:Verified at least one plan has been defined, severity:Information], [message:Verified the alias for the application, severity:Information], [message:Successfully completed publishing validation, severity:Information]], success:true, title:Validation Results], [messages:[[message:All sites and AppPools for uc4--v1 have been removed., severity:Information], [message:Meta data describing your version has been purged successfully., severity:Information], [message:The data model was purged successfully., severity:Information], [message:Auxilliary support components were successfully removed., severity:Information]], success:true, title:Results of Cleaning Up Published Instance], [messages:[], success:true, title:Metadata Extraction Results], [messages:[[message:Skipped creation of data model since no SQL scripts were found, severity:Information]], success:true, title:Data Model Deployment Results], [messages:[[message:Extracted private UI model., severity:Information], [message:Successfully extracted application metadata, severity:Information]], success:true, title:Metadata Extraction Results], [messages:[[message:Files for uc4 exist and are properly configured., severity:Information], [message:Sites for uc4 exist and are properly configured., severity:Information], [message:Successfully deployed 1 partition., severity:Information]], success:true, title:Ensuring instance counts], [messages:[[message:Successfully created application tenant, severity:Information], [message:Application Tenant Onboarded, severity:Information]], success:true, title:Configuring Application Tenant]], success:true]
DEBUG: newVersion status code: 201
DEBUG: newVersion response data: null
200
[messages:[], success:true, title:Upload Results]
[alias:uc4, allocatedStorageMb:0, applicationServices:None, cloud:null, currentVersion:[alias:v1, application:[href:https://apps.apprenda.heineken/developer/api/v1/apps/uc4], description:null, enableSessionReplication:null, enableSslEnforcement:null, enableStickySessions:null, href:https://apps.apprenda.heineken/developer/api/v1/versions/uc4/v1, loadBalancerUrlConfiguration:null, name:Version 1, stage:Published, state:Running], customAuthenticationStyleUrl:null, customInvoiceStyleUrl:null, customUrl:null, databaseModelType:Isolated, databaseProvider:SqlServer, dbAllocatedCpuMhz:0, dbAllocatedMemoryMb:0, description:Created by Apprenda|UrbanCode Deploy, href:https://apps.apprenda.heineken/developer/api/v1/apps/uc4, linuxServiceAllocatedCpuMhz:0, linuxServiceAllocatedMemoryMb:0, name:uc4, paymentOptions:Automatic, pipelineMode:Integrated, svcAllocatedCpuMhz:0, svcAllocatedMemoryMb:0, uiAllocatedCpuMhz:250, uiAllocatedMemoryMb:300, userInterfaceType:CommingledRootApp, versions:[href:https://apps.apprenda.heineken/developer/api/v1/versions/uc4], warAllocatedCpuMhz:0, warAllocatedMemoryMb:0]
DEBUG: oldVerNo: 1 newVerNo: 1
[[alias:v1, application:[href:https://apps.apprenda.heineken/developer/api/v1/apps/uc4], description:null, enableSessionReplication:false, enableSslEnforcement:false, enableStickySessions:true, href:https://apps.apprenda.heineken/developer/api/v1/versions/uc4/v1, loadBalancerUrlConfiguration:Preserve, name:Version 1, stage:Published, state:Running], [alias:v2, application:[href:https://apps.apprenda.heineken/developer/api/v1/apps/uc4], description:null, enableSessionReplication:false, enableSslEnforcement:false, enableStickySessions:true, href:https://apps.apprenda.heineken/developer/api/v1/versions/uc4/v2, loadBalancerUrlConfiguration:Preserve, name:Version v2 - created by Urbancode, stage:Definition, state:Stopped]]
DEBUG: After iteration:  newVerNo: 2 newVerStage: Definition
DEBUG: After iteration:  newVersionRequired: false
201
null
200
[messages:[], success:true, title:Upload Results]
200
[sections:[[messages:[], success:true, title:Results], [messages:[[message:Verified valid application status, severity:Information], [message:Verified at least one plan has been defined, severity:Information], [message:Verified the alias for the application, severity:Information], [message:Successfully completed publishing validation, severity:Information]], success:true, title:Validation Results], [messages:[], success:true, title:Metadata Extraction Results], [messages:[[message:Skipped creation of data model since no SQL scripts were found, severity:Information]], success:true, title:Data Model Deployment Results], [messages:[[message:Extracted private UI model., severity:Information], [message:Successfully extracted application metadata, severity:Information]], success:true, title:Metadata Extraction Results], [messages:[[message:Files for uc5--v1 exist and are properly configured., severity:Information], [message:Sites for uc5--v1 exist and are properly configured., severity:Information], [message:Successfully deployed 1 partition., severity:Information]], success:true, title:Ensuring instance counts], [messages:[[message:Created subscriptions for all plans, severity:Information]], success:true, title:Subscriptions], [messages:[[message:Application Tenant Onboarded, severity:Information]], success:true, title:Configuring Application Tenant]], success:true]
200
[sections:[[messages:[], success:true, title:Results], [messages:[[message:Verified valid application status, severity:Information], [message:Verified at least one plan has been defined, severity:Information], [message:Verified the alias for the application, severity:Information], [message:Successfully completed publishing validation, severity:Information]], success:true, title:Validation Results], [messages:[[message:All sites and AppPools for uc5--v1 have been removed., severity:Information], [message:Meta data describing your version has been purged successfully., severity:Information], [message:The data model was purged successfully., severity:Information], [message:Auxilliary support components were successfully removed., severity:Information]], success:true, title:Results of Cleaning Up Published Instance], [messages:[], success:true, title:Metadata Extraction Results], [messages:[[message:Skipped creation of data model since no SQL scripts were found, severity:Information]], success:true, title:Data Model Deployment Results], [messages:[[message:Extracted private UI model., severity:Information], [message:Successfully extracted application metadata, severity:Information]], success:true, title:Metadata Extraction Results], [messages:[[message:Files for uc5 exist and are properly configured., severity:Information], [message:Sites for uc5 exist and are properly configured., severity:Information], [message:Successfully deployed 1 partition., severity:Information]], success:true, title:Ensuring instance counts], [messages:[[message:Successfully created application tenant, severity:Information], [message:Application Tenant Onboarded, severity:Information]], success:true, title:Configuring Application Tenant]], success:true]
DEBUG: newVersion status code: 201
DEBUG: newVersion response data: null
200
[messages:[], success:true, title:Upload Results]
200
[sections:[[messages:[], success:true, title:Results], [messages:[[message:Verified valid application status, severity:Information], [message:Verified at least one plan has been defined, severity:Information], [message:Verified the alias for the application, severity:Information], [message:Successfully completed publishing validation, severity:Information]], success:true, title:Validation Results], [messages:[], success:true, title:Patch Promotion Results], [messages:[], success:true, title:Metadata Extraction Results], [messages:[[message:Skipped creation of data model since no SQL scripts were found, severity:Information]], success:true, title:Data Model Deployment Results], [messages:[[message:Extracted private UI model., severity:Information], [message:Successfully extracted application metadata, severity:Information]], success:true, title:Metadata Extraction Results], [messages:[[message:Files for uc5--v2 exist and are properly configured., severity:Information], [message:Sites for uc5--v2 exist and are properly configured., severity:Information], [message:Successfully deployed 1 partition., severity:Information]], success:true, title:Ensuring instance counts], [messages:[[message:Created subscriptions for all plans, severity:Information]], success:true, title:Subscriptions], [messages:[[message:Application Tenant Onboarded, severity:Information]], success:true, title:Configuring Application Tenant]], success:true]
[alias:uc5, allocatedStorageMb:0, applicationServices:None, cloud:null, currentVersion:[alias:v1, application:[href:https://apps.apprenda.heineken/developer/api/v1/apps/uc5], description:null, enableSessionReplication:null, enableSslEnforcement:null, enableStickySessions:null, href:https://apps.apprenda.heineken/developer/api/v1/versions/uc5/v1, loadBalancerUrlConfiguration:null, name:Version 1, stage:Published, state:Running], customAuthenticationStyleUrl:null, customInvoiceStyleUrl:null, customUrl:null, databaseModelType:Isolated, databaseProvider:SqlServer, dbAllocatedCpuMhz:0, dbAllocatedMemoryMb:0, description:Created by Apprenda|UrbanCode Deploy, href:https://apps.apprenda.heineken/developer/api/v1/apps/uc5, linuxServiceAllocatedCpuMhz:0, linuxServiceAllocatedMemoryMb:0, name:uc5, paymentOptions:Automatic, pipelineMode:Integrated, svcAllocatedCpuMhz:0, svcAllocatedMemoryMb:0, uiAllocatedCpuMhz:500, uiAllocatedMemoryMb:600, userInterfaceType:CommingledRootApp, versions:[href:https://apps.apprenda.heineken/developer/api/v1/versions/uc5], warAllocatedCpuMhz:0, warAllocatedMemoryMb:0]
DEBUG: oldVerNo: 1 newVerNo: 1
[[alias:v2, application:[href:https://apps.apprenda.heineken/developer/api/v1/apps/uc5], description:null, enableSessionReplication:false, enableSslEnforcement:false, enableStickySessions:true, href:https://apps.apprenda.heineken/developer/api/v1/versions/uc5/v2, loadBalancerUrlConfiguration:Preserve, name:Version v2 - created by Urbancode, stage:Sandbox, state:Running], [alias:v1, application:[href:https://apps.apprenda.heineken/developer/api/v1/apps/uc5], description:null, enableSessionReplication:false, enableSslEnforcement:false, enableStickySessions:true, href:https://apps.apprenda.heineken/developer/api/v1/versions/uc5/v1, loadBalancerUrlConfiguration:Preserve, name:Version 1, stage:Published, state:Running]]
DEBUG: After iteration:  newVerNo: 2 newVerStage: Sandbox
DEBUG: After iteration:  newVersionRequired: false
201
null
200
[messages:[], success:true, title:Upload Results]
200
[sections:[[messages:[], success:true, title:Results], [messages:[[message:Verified valid application status, severity:Information], [message:Verified at least one plan has been defined, severity:Information], [message:Verified the alias for the application, severity:Information], [message:Successfully completed publishing validation, severity:Information]], success:true, title:Validation Results], [messages:[], success:true, title:Metadata Extraction Results], [messages:[[message:Skipped creation of data model since no SQL scripts were found, severity:Information]], success:true, title:Data Model Deployment Results], [messages:[[message:Extracted private UI model., severity:Information], [message:Successfully extracted application metadata, severity:Information]], success:true, title:Metadata Extraction Results], [messages:[[message:Files for uc6--v1 exist and are properly configured., severity:Information], [message:Sites for uc6--v1 exist and are properly configured., severity:Information], [message:Successfully deployed 1 partition., severity:Information]], success:true, title:Ensuring instance counts], [messages:[[message:Created subscriptions for all plans, severity:Information]], success:true, title:Subscriptions], [messages:[[message:Application Tenant Onboarded, severity:Information]], success:true, title:Configuring Application Tenant]], success:true]
200
[sections:[[messages:[], success:true, title:Results], [messages:[[message:Verified valid application status, severity:Information], [message:Verified at least one plan has been defined, severity:Information], [message:Verified the alias for the application, severity:Information], [message:Successfully completed publishing validation, severity:Information]], success:true, title:Validation Results], [messages:[[message:All sites and AppPools for uc6--v1 have been removed., severity:Information], [message:Meta data describing your version has been purged successfully., severity:Information], [message:The data model was purged successfully., severity:Information], [message:Auxilliary support components were successfully removed., severity:Information]], success:true, title:Results of Cleaning Up Published Instance], [messages:[], success:true, title:Metadata Extraction Results], [messages:[[message:Skipped creation of data model since no SQL scripts were found, severity:Information]], success:true, title:Data Model Deployment Results], [messages:[[message:Extracted private UI model., severity:Information], [message:Successfully extracted application metadata, severity:Information]], success:true, title:Metadata Extraction Results], [messages:[[message:Files for uc6 exist and are properly configured., severity:Information], [message:Sites for uc6 exist and are properly configured., severity:Information], [message:Successfully deployed 1 partition., severity:Information]], success:true, title:Ensuring instance counts], [messages:[[message:Successfully created application tenant, severity:Information], [message:Application Tenant Onboarded, severity:Information]], success:true, title:Configuring Application Tenant]], success:true]
DEBUG: newVersion status code: 201
DEBUG: newVersion response data: null
200
[messages:[], success:true, title:Upload Results]
DEBUG: newVersion status code: 201
DEBUG: newVersion response data: null
200
[messages:[], success:true, title:Upload Results]
[alias:uc6, allocatedStorageMb:0, applicationServices:None, cloud:null, currentVersion:[alias:v1, application:[href:https://apps.apprenda.heineken/developer/api/v1/apps/uc6], description:null, enableSessionReplication:null, enableSslEnforcement:null, enableStickySessions:null, href:https://apps.apprenda.heineken/developer/api/v1/versions/uc6/v1, loadBalancerUrlConfiguration:null, name:Version 1, stage:Published, state:Running], customAuthenticationStyleUrl:null, customInvoiceStyleUrl:null, customUrl:null, databaseModelType:Isolated, databaseProvider:SqlServer, dbAllocatedCpuMhz:0, dbAllocatedMemoryMb:0, description:Created by Apprenda|UrbanCode Deploy, href:https://apps.apprenda.heineken/developer/api/v1/apps/uc6, linuxServiceAllocatedCpuMhz:0, linuxServiceAllocatedMemoryMb:0, name:uc6, paymentOptions:Automatic, pipelineMode:Integrated, svcAllocatedCpuMhz:0, svcAllocatedMemoryMb:0, uiAllocatedCpuMhz:250, uiAllocatedMemoryMb:300, userInterfaceType:CommingledRootApp, versions:[href:https://apps.apprenda.heineken/developer/api/v1/versions/uc6], warAllocatedCpuMhz:0, warAllocatedMemoryMb:0]
DEBUG: oldVerNo: 1 newVerNo: 1
[[alias:v1, application:[href:https://apps.apprenda.heineken/developer/api/v1/apps/uc6], description:null, enableSessionReplication:false, enableSslEnforcement:false, enableStickySessions:true, href:https://apps.apprenda.heineken/developer/api/v1/versions/uc6/v1, loadBalancerUrlConfiguration:Preserve, name:Version 1, stage:Published, state:Running], [alias:v2, application:[href:https://apps.apprenda.heineken/developer/api/v1/apps/uc6], description:null, enableSessionReplication:false, enableSslEnforcement:false, enableStickySessions:true, href:https://apps.apprenda.heineken/developer/api/v1/versions/uc6/v2, loadBalancerUrlConfiguration:Preserve, name:Version v2 - created by Urbancode, stage:Definition, state:Stopped], [alias:v3, application:[href:https://apps.apprenda.heineken/developer/api/v1/apps/uc6], description:null, enableSessionReplication:false, enableSslEnforcement:false, enableStickySessions:true, href:https://apps.apprenda.heineken/developer/api/v1/versions/uc6/v3, loadBalancerUrlConfiguration:Preserve, name:Version v3 - created by Urbancode, stage:Definition, state:Stopped]]
DEBUG: After iteration:  newVerNo: 2 newVerStage: Definition
DEBUG: After iteration:  newVersionRequired: false
DEBUG: After iteration:  newVerNo: 3 newVerStage: Definition
DEBUG: After iteration:  newVersionRequired: false
201
null
200
[messages:[], success:true, title:Upload Results]
200
[sections:[[messages:[], success:true, title:Results], [messages:[[message:Verified valid application status, severity:Information], [message:Verified at least one plan has been defined, severity:Information], [message:Verified the alias for the application, severity:Information], [message:Successfully completed publishing validation, severity:Information]], success:true, title:Validation Results], [messages:[], success:true, title:Metadata Extraction Results], [messages:[[message:Skipped creation of data model since no SQL scripts were found, severity:Information]], success:true, title:Data Model Deployment Results], [messages:[[message:Extracted private UI model., severity:Information], [message:Successfully extracted application metadata, severity:Information]], success:true, title:Metadata Extraction Results], [messages:[[message:Files for uc7--v1 exist and are properly configured., severity:Information], [message:Sites for uc7--v1 exist and are properly configured., severity:Information], [message:Successfully deployed 1 partition., severity:Information]], success:true, title:Ensuring instance counts], [messages:[[message:Created subscriptions for all plans, severity:Information]], success:true, title:Subscriptions], [messages:[[message:Application Tenant Onboarded, severity:Information]], success:true, title:Configuring Application Tenant]], success:true]
200
[sections:[[messages:[], success:true, title:Results], [messages:[[message:Verified valid application status, severity:Information], [message:Verified at least one plan has been defined, severity:Information], [message:Verified the alias for the application, severity:Information], [message:Successfully completed publishing validation, severity:Information]], success:true, title:Validation Results], [messages:[[message:All sites and AppPools for uc7--v1 have been removed., severity:Information], [message:Meta data describing your version has been purged successfully., severity:Information], [message:The data model was purged successfully., severity:Information], [message:Auxilliary support components were successfully removed., severity:Information]], success:true, title:Results of Cleaning Up Published Instance], [messages:[], success:true, title:Metadata Extraction Results], [messages:[[message:Skipped creation of data model since no SQL scripts were found, severity:Information]], success:true, title:Data Model Deployment Results], [messages:[[message:Extracted private UI model., severity:Information], [message:Successfully extracted application metadata, severity:Information]], success:true, title:Metadata Extraction Results], [messages:[[message:Files for uc7 exist and are properly configured., severity:Information], [message:Sites for uc7 exist and are properly configured., severity:Information], [message:Successfully deployed 1 partition., severity:Information]], success:true, title:Ensuring instance counts], [messages:[[message:Successfully created application tenant, severity:Information], [message:Application Tenant Onboarded, severity:Information]], success:true, title:Configuring Application Tenant]], success:true]
DEBUG: newVersion status code: 201
DEBUG: newVersion response data: null
200
[messages:[], success:true, title:Upload Results]
200
[sections:[[messages:[], success:true, title:Results], [messages:[[message:Verified valid application status, severity:Information], [message:Verified at least one plan has been defined, severity:Information], [message:Verified the alias for the application, severity:Information], [message:Successfully completed publishing validation, severity:Information]], success:true, title:Validation Results], [messages:[], success:true, title:Patch Promotion Results], [messages:[], success:true, title:Metadata Extraction Results], [messages:[[message:Skipped creation of data model since no SQL scripts were found, severity:Information]], success:true, title:Data Model Deployment Results], [messages:[[message:Extracted private UI model., severity:Information], [message:Successfully extracted application metadata, severity:Information]], success:true, title:Metadata Extraction Results], [messages:[[message:Files for uc7--v2 exist and are properly configured., severity:Information], [message:Sites for uc7--v2 exist and are properly configured., severity:Information], [message:Successfully deployed 1 partition., severity:Information]], success:true, title:Ensuring instance counts], [messages:[[message:Created subscriptions for all plans, severity:Information]], success:true, title:Subscriptions], [messages:[[message:Application Tenant Onboarded, severity:Information]], success:true, title:Configuring Application Tenant]], success:true]
DEBUG: newVersion status code: 201
DEBUG: newVersion response data: null
[alias:uc7, allocatedStorageMb:0, applicationServices:None, cloud:null, currentVersion:[alias:v1, application:[href:https://apps.apprenda.heineken/developer/api/v1/apps/uc7], description:null, enableSessionReplication:null, enableSslEnforcement:null, enableStickySessions:null, href:https://apps.apprenda.heineken/developer/api/v1/versions/uc7/v1, loadBalancerUrlConfiguration:null, name:Version 1, stage:Published, state:Running], customAuthenticationStyleUrl:null, customInvoiceStyleUrl:null, customUrl:null, databaseModelType:Isolated, databaseProvider:SqlServer, dbAllocatedCpuMhz:0, dbAllocatedMemoryMb:0, description:Created by Apprenda|UrbanCode Deploy, href:https://apps.apprenda.heineken/developer/api/v1/apps/uc7, linuxServiceAllocatedCpuMhz:0, linuxServiceAllocatedMemoryMb:0, name:uc7, paymentOptions:Automatic, pipelineMode:Integrated, svcAllocatedCpuMhz:0, svcAllocatedMemoryMb:0, uiAllocatedCpuMhz:500, uiAllocatedMemoryMb:600, userInterfaceType:CommingledRootApp, versions:[href:https://apps.apprenda.heineken/developer/api/v1/versions/uc7], warAllocatedCpuMhz:0, warAllocatedMemoryMb:0]
DEBUG: oldVerNo: 1 newVerNo: 1
[[alias:v2, application:[href:https://apps.apprenda.heineken/developer/api/v1/apps/uc7], description:null, enableSessionReplication:false, enableSslEnforcement:false, enableStickySessions:true, href:https://apps.apprenda.heineken/developer/api/v1/versions/uc7/v2, loadBalancerUrlConfiguration:Preserve, name:Version v2 - created by Urbancode, stage:Sandbox, state:Running], [alias:v1, application:[href:https://apps.apprenda.heineken/developer/api/v1/apps/uc7], description:null, enableSessionReplication:false, enableSslEnforcement:false, enableStickySessions:true, href:https://apps.apprenda.heineken/developer/api/v1/versions/uc7/v1, loadBalancerUrlConfiguration:Preserve, name:Version 1, stage:Published, state:Running], [alias:v3, application:[href:https://apps.apprenda.heineken/developer/api/v1/apps/uc7], description:null, enableSessionReplication:false, enableSslEnforcement:false, enableStickySessions:true, href:https://apps.apprenda.heineken/developer/api/v1/versions/uc7/v3, loadBalancerUrlConfiguration:Preserve, name:Version v3 - created by Urbancode, stage:Definition, state:Stopped]]
DEBUG: After iteration:  newVerNo: 2 newVerStage: Sandbox
DEBUG: After iteration:  newVersionRequired: false
DEBUG: After iteration:  newVerNo: 3 newVerStage: Definition
DEBUG: After iteration:  newVersionRequired: false
201
null
200
[messages:[], success:true, title:Upload Results]
200
[sections:[[messages:[], success:true, title:Results], [messages:[[message:Verified valid application status, severity:Information], [message:Verified at least one plan has been defined, severity:Information], [message:Verified the alias for the application, severity:Information], [message:Successfully completed publishing validation, severity:Information]], success:true, title:Validation Results], [messages:[], success:true, title:Metadata Extraction Results], [messages:[[message:Skipped creation of data model since no SQL scripts were found, severity:Information]], success:true, title:Data Model Deployment Results], [messages:[[message:Extracted private UI model., severity:Information], [message:Successfully extracted application metadata, severity:Information]], success:true, title:Metadata Extraction Results], [messages:[[message:Files for uc8--v1 exist and are properly configured., severity:Information], [message:Sites for uc8--v1 exist and are properly configured., severity:Information], [message:Successfully deployed 1 partition., severity:Information]], success:true, title:Ensuring instance counts], [messages:[[message:Created subscriptions for all plans, severity:Information]], success:true, title:Subscriptions], [messages:[[message:Application Tenant Onboarded, severity:Information]], success:true, title:Configuring Application Tenant]], success:true]
200
[sections:[[messages:[], success:true, title:Results], [messages:[[message:Verified valid application status, severity:Information], [message:Verified at least one plan has been defined, severity:Information], [message:Verified the alias for the application, severity:Information], [message:Successfully completed publishing validation, severity:Information]], success:true, title:Validation Results], [messages:[[message:All sites and AppPools for uc8--v1 have been removed., severity:Information], [message:Meta data describing your version has been purged successfully., severity:Information], [message:The data model was purged successfully., severity:Information], [message:Auxilliary support components were successfully removed., severity:Information]], success:true, title:Results of Cleaning Up Published Instance], [messages:[], success:true, title:Metadata Extraction Results], [messages:[[message:Skipped creation of data model since no SQL scripts were found, severity:Information]], success:true, title:Data Model Deployment Results], [messages:[[message:Extracted private UI model., severity:Information], [message:Successfully extracted application metadata, severity:Information]], success:true, title:Metadata Extraction Results], [messages:[[message:Files for uc8 exist and are properly configured., severity:Information], [message:Sites for uc8 exist and are properly configured., severity:Information], [message:Successfully deployed 1 partition., severity:Information]], success:true, title:Ensuring instance counts], [messages:[[message:Successfully created application tenant, severity:Information], [message:Application Tenant Onboarded, severity:Information]], success:true, title:Configuring Application Tenant]], success:true]
DEBUG: newVersion status code: 201
DEBUG: newVersion response data: null
200
[messages:[], success:true, title:Upload Results]
200
[sections:[[messages:[], success:true, title:Results], [messages:[[message:Verified valid application status, severity:Information], [message:Verified at least one plan has been defined, severity:Information], [message:Verified the alias for the application, severity:Information], [message:Successfully completed publishing validation, severity:Information]], success:true, title:Validation Results], [messages:[], success:true, title:Patch Promotion Results], [messages:[], success:true, title:Metadata Extraction Results], [messages:[[message:Skipped creation of data model since no SQL scripts were found, severity:Information]], success:true, title:Data Model Deployment Results], [messages:[[message:Extracted private UI model., severity:Information], [message:Successfully extracted application metadata, severity:Information]], success:true, title:Metadata Extraction Results], [messages:[[message:Files for uc8--v2 exist and are properly configured., severity:Information], [message:Sites for uc8--v2 exist and are properly configured., severity:Information], [message:Successfully deployed 1 partition., severity:Information]], success:true, title:Ensuring instance counts], [messages:[[message:Created subscriptions for all plans, severity:Information]], success:true, title:Subscriptions], [messages:[[message:Application Tenant Onboarded, severity:Information]], success:true, title:Configuring Application Tenant]], success:true]
DEBUG: newVersion status code: 201
DEBUG: newVersion response data: null
200
[messages:[], success:true, title:Upload Results]
200
[sections:[[messages:[], success:true, title:Results], [messages:[[message:Verified valid application status, severity:Information], [message:Verified at least one plan has been defined, severity:Information], [message:Verified the alias for the application, severity:Information], [message:Successfully completed publishing validation, severity:Information]], success:true, title:Validation Results], [messages:[], success:true, title:Patch Promotion Results], [messages:[], success:true, title:Metadata Extraction Results], [messages:[[message:Skipped creation of data model since no SQL scripts were found, severity:Information]], success:true, title:Data Model Deployment Results], [messages:[[message:Extracted private UI model., severity:Information], [message:Successfully extracted application metadata, severity:Information]], success:true, title:Metadata Extraction Results], [messages:[[message:Files for uc8--v3 exist and are properly configured., severity:Information], [message:Sites for uc8--v3 exist and are properly configured., severity:Information], [message:Successfully deployed 1 partition., severity:Information]], success:true, title:Ensuring instance counts], [messages:[[message:Created subscriptions for all plans, severity:Information]], success:true, title:Subscriptions], [messages:[[message:Application Tenant Onboarded, severity:Information]], success:true, title:Configuring Application Tenant]], success:true]
[alias:uc8, allocatedStorageMb:0, applicationServices:None, cloud:null, currentVersion:[alias:v1, application:[href:https://apps.apprenda.heineken/developer/api/v1/apps/uc8], description:null, enableSessionReplication:null, enableSslEnforcement:null, enableStickySessions:null, href:https://apps.apprenda.heineken/developer/api/v1/versions/uc8/v1, loadBalancerUrlConfiguration:null, name:Version 1, stage:Published, state:Running], customAuthenticationStyleUrl:null, customInvoiceStyleUrl:null, customUrl:null, databaseModelType:Isolated, databaseProvider:SqlServer, dbAllocatedCpuMhz:0, dbAllocatedMemoryMb:0, description:Created by Apprenda|UrbanCode Deploy, href:https://apps.apprenda.heineken/developer/api/v1/apps/uc8, linuxServiceAllocatedCpuMhz:0, linuxServiceAllocatedMemoryMb:0, name:uc8, paymentOptions:Automatic, pipelineMode:Integrated, svcAllocatedCpuMhz:0, svcAllocatedMemoryMb:0, uiAllocatedCpuMhz:750, uiAllocatedMemoryMb:900, userInterfaceType:CommingledRootApp, versions:[href:https://apps.apprenda.heineken/developer/api/v1/versions/uc8], warAllocatedCpuMhz:0, warAllocatedMemoryMb:0]
DEBUG: oldVerNo: 1 newVerNo: 1
[[alias:v3, application:[href:https://apps.apprenda.heineken/developer/api/v1/apps/uc8], description:null, enableSessionReplication:false, enableSslEnforcement:false, enableStickySessions:true, href:https://apps.apprenda.heineken/developer/api/v1/versions/uc8/v3, loadBalancerUrlConfiguration:Preserve, name:Version v3 - created by Urbancode, stage:Sandbox, state:Running], [alias:v2, application:[href:https://apps.apprenda.heineken/developer/api/v1/apps/uc8], description:null, enableSessionReplication:false, enableSslEnforcement:false, enableStickySessions:true, href:https://apps.apprenda.heineken/developer/api/v1/versions/uc8/v2, loadBalancerUrlConfiguration:Preserve, name:Version v2 - created by Urbancode, stage:Sandbox, state:Running], [alias:v1, application:[href:https://apps.apprenda.heineken/developer/api/v1/apps/uc8], description:null, enableSessionReplication:false, enableSslEnforcement:false, enableStickySessions:true, href:https://apps.apprenda.heineken/developer/api/v1/versions/uc8/v1, loadBalancerUrlConfiguration:Preserve, name:Version 1, stage:Published, state:Running]]
DEBUG: After iteration:  newVerNo: 3 newVerStage: Sandbox
DEBUG: After iteration:  newVersionRequired: false
]]></system-out>
  <system-err><![CDATA[]]></system-err>
</testsuite>
