<?xml version="1.0" encoding="UTF-8" ?>
<testsuite errors="0" failures="0" hostname="dutradev" name="com.apprenda.integrations.urbancode.test.DeployAppTests" skipped="0" tests="1" time="0.301" timestamp="2015-11-02T19:22:53">
  <properties>
[...]
</properties>
  <testcase classname="com.apprenda.integrations.urbancode.test.DeployAppTests" name="DeployAppTestSandbox" time="0.293" />
  <system-out><![CDATA[[alias:apprendazon, allocatedStorageMb:0, applicationServices:None, cloud:null, currentVersion:[alias:v1, application:[href:https://apps.apprenda.heineken/developer/api/v1/apps/apprendazon], description:null, enableSessionReplication:null, enableSslEnforcement:null, enableStickySessions:null, href:https://apps.apprenda.heineken/developer/api/v1/versions/apprendazon/v1, loadBalancerUrlConfiguration:null, name:Version 1, stage:Definition, state:Stopped], customAuthenticationStyleUrl:null, customInvoiceStyleUrl:null, customUrl:null, databaseModelType:Isolated, databaseProvider:SqlServer, dbAllocatedCpuMhz:0, dbAllocatedMemoryMb:0, description:null, href:https://apps.apprenda.heineken/developer/api/v1/apps/apprendazon, linuxServiceAllocatedCpuMhz:0, linuxServiceAllocatedMemoryMb:0, name:apprendazon, paymentOptions:Automatic, pipelineMode:Integrated, svcAllocatedCpuMhz:0, svcAllocatedMemoryMb:0, uiAllocatedCpuMhz:0, uiAllocatedMemoryMb:0, userInterfaceType:CommingledRootApp, versions:[href:https://apps.apprenda.heineken/developer/api/v1/versions/apprendazon], warAllocatedCpuMhz:0, warAllocatedMemoryMb:0]
]]></system-out>
  <system-err><![CDATA[]]></system-err>
</testsuite>
