<?xml version="1.0" encoding="UTF-8" ?>
<testsuite errors="1" failures="0" hostname="dutradev" name="com.apprenda.integrations.urbancode.test.ApprendaClientTests" skipped="0" tests="1" time="0.0" timestamp="2016-01-08T19:42:38">
  <properties>
[...]
</properties>
  <error message="com.apprenda.integrations.urbancode.test.ApprendaClientTests" type="java.lang.ClassNotFoundException">java.lang.ClassNotFoundException: com.apprenda.integrations.urbancode.test.ApprendaClientTests
	at java.net.URLClassLoader.findClass(Unknown Source)
	at java.lang.ClassLoader.loadClass(Unknown Source)
	at sun.misc.Launcher$AppClassLoader.loadClass(Unknown Source)
	at java.lang.ClassLoader.loadClass(Unknown Source)
	at java.lang.Class.forName0(Native Method)
	at java.lang.Class.forName(Unknown Source)
</error>
  <system-out><![CDATA[]]></system-out>
  <system-err><![CDATA[]]></system-err>
</testsuite>
